#
# There is insufficient memory for the Java Runtime Environment to continue.
# Native memory allocation (mmap) failed to map 132120576 bytes for Failed to commit area from 0x0000000082600000 to 0x000000008a400000 of length 132120576.
# Possible reasons:
#   The system is out of physical RAM or swap space
#   The process is running with CompressedOops enabled, and the Java Heap may be blocking the growth of the native heap
# Possible solutions:
#   Reduce memory load on the system
#   Increase physical memory or swap space
#   Check if swap backing store is full
#   Decrease Java heap size (-Xmx/-Xms)
#   Decrease number of Java threads
#   Decrease Java thread stack sizes (-Xss)
#   Set larger code cache with -XX:ReservedCodeCacheSize=
# This output file may be truncated or incomplete.
#
#  Out of Memory Error (./open/src/hotspot/os/windows/os_windows.cpp:3284), pid=3684, tid=6832
#
# JRE version:  (11.0.14+8) (build )
# Java VM: Java HotSpot(TM) 64-Bit Server VM (11.0.14+8-LTS-263, mixed mode, sharing, tiered, compressed oops, g1 gc, windows-amd64)
# No core dump will be written. Minidumps are not enabled by default on client versions of Windows
#

---------------  S U M M A R Y ------------

Command Line: -javaagent:C:\Program Files\JetBrains\IntelliJ IDEA Community Edition 2021.3.3\lib\idea_rt.jar=57884:C:\Program Files\JetBrains\IntelliJ IDEA Community Edition 2021.3.3\bin -Dfile.encoding=UTF-8 com.monotonic.collections._2_what_are_collections.before.CollectionConcepts

Host: Intel(R) Core(TM) i5-8265U CPU @ 1.60GHz, 8 cores, 7G,  Windows 11 , 64 bit Build 22000 (10.0.22000.434)
Time: Sat Apr  9 15:19:11 2022 GMT Summer Time elapsed time: 0.018264 seconds (0d 0h 0m 0s)

---------------  T H R E A D  ---------------

Current thread (0x00000272435b8800):  JavaThread "Unknown thread" [_thread_in_vm, id=6832, stack(0x0000007914b00000,0x0000007914c00000)]

Stack: [0x0000007914b00000,0x0000007914c00000]
Native frames: (J=compiled Java code, j=interpreted, Vv=VM code, C=native code)
V  [jvm.dll+0x6296da]
V  [jvm.dll+0x76323f]
V  [jvm.dll+0x7648e9]
V  [jvm.dll+0x764f73]
V  [jvm.dll+0x23d7c8]
V  [jvm.dll+0x626a5a]
V  [jvm.dll+0x61b7f5]
V  [jvm.dll+0x2f262c]
V  [jvm.dll+0x2f24b2]
V  [jvm.dll+0x2f71d6]
V  [jvm.dll+0x339bdf]
V  [jvm.dll+0x339610]
V  [jvm.dll+0x2cfc48]
V  [jvm.dll+0x2d0db6]
V  [jvm.dll+0x73d857]
V  [jvm.dll+0x73f0ef]
V  [jvm.dll+0x346909]
V  [jvm.dll+0x723160]
V  [jvm.dll+0x3b551f]
V  [jvm.dll+0x3b7631]
C  [jli.dll+0x5207]
C  [ucrtbase.dll+0x26c0c]
C  [KERNEL32.DLL+0x154e0]
C  [ntdll.dll+0x485b]


---------------  P R O C E S S  ---------------

Threads class SMR info:
_java_thread_list=0x00000272413b2ed0, length=0, elements={
}

Java Threads: ( => current thread )

Other Threads:
  0x00000272435cd800 GCTaskThread "GC Thread#0" [stack: 0x0000007914c00000,0x0000007914d00000] [id=13560]
  0x00000272435fd000 ConcurrentGCThread "G1 Main Marker" [stack: 0x0000007914d00000,0x0000007914e00000] [id=21876]
  0x00000272435fe800 ConcurrentGCThread "G1 Conc#0" [stack: 0x0000007914e00000,0x0000007914f00000] [id=17680]

[error occurred during error reporting (printing all threads), id 0xc0000005, EXCEPTION_ACCESS_VIOLATION (0xc0000005) at pc=0x00007ffbf68beed7]

VM state:not at safepoint (not fully initialized)

VM Mutex/Monitor currently owned by a thread:  ([mutex/lock_event])
[0x00000272435b31e0] Heap_lock - owner thread: 0x00000272435b8800

Heap address: 0x0000000082600000, size: 2010 MB, Compressed Oops mode: Non-zero based: 0x0000000082600000
Narrow klass base: 0x0000000000000000, Narrow klass shift: 0

GC Heap History (0 events):
No events

Deoptimization events (0 events):
No events

Classes redefined (0 events):
No events

Internal exceptions (0 events):
No events

Events (0 events):
No events


Dynamic libraries:
0x00007ff6023d0000 - 0x00007ff6023df000 	C:\Program Files\Java\jdk-11.0.14\bin\java.exe
0x00007ffc62080000 - 0x00007ffc62289000 	C:\WINDOWS\SYSTEM32\ntdll.dll
0x00007ffc60c80000 - 0x00007ffc60d3d000 	C:\WINDOWS\System32\KERNEL32.DLL
0x00007ffc5fa00000 - 0x00007ffc5fd74000 	C:\WINDOWS\System32\KERNELBASE.dll
0x00007ffc5f570000 - 0x00007ffc5f681000 	C:\WINDOWS\System32\ucrtbase.dll
0x00007ffc58d60000 - 0x00007ffc58d78000 	C:\Program Files\Java\jdk-11.0.14\bin\jli.dll
0x00007ffc61160000 - 0x00007ffc6120e000 	C:\WINDOWS\System32\ADVAPI32.dll
0x00007ffc4e960000 - 0x00007ffc4e975000 	C:\Program Files\Java\jdk-11.0.14\bin\VCRUNTIME140.dll
0x00007ffc61330000 - 0x00007ffc613d3000 	C:\WINDOWS\System32\msvcrt.dll
0x00007ffc61290000 - 0x00007ffc6132e000 	C:\WINDOWS\System32\sechost.dll
0x00007ffc60d50000 - 0x00007ffc60e70000 	C:\WINDOWS\System32\RPCRT4.dll
0x00007ffc60fb0000 - 0x00007ffc6115c000 	C:\WINDOWS\System32\USER32.dll
0x00007ffc4a5d0000 - 0x00007ffc4a875000 	C:\WINDOWS\WinSxS\amd64_microsoft.windows.common-controls_6595b64144ccf1df_6.0.22000.120_none_9d947278b86cc467\COMCTL32.dll
0x00007ffc5fd80000 - 0x00007ffc5fda6000 	C:\WINDOWS\System32\win32u.dll
0x00007ffc5ffa0000 - 0x00007ffc5ffc9000 	C:\WINDOWS\System32\GDI32.dll
0x00007ffc5f7c0000 - 0x00007ffc5f8d2000 	C:\WINDOWS\System32\gdi32full.dll
0x00007ffc5f960000 - 0x00007ffc5f9fd000 	C:\WINDOWS\System32\msvcp_win.dll
0x00007ffc5e470000 - 0x00007ffc5e47a000 	C:\WINDOWS\SYSTEM32\VERSION.dll
0x00007ffc62000000 - 0x00007ffc62031000 	C:\WINDOWS\System32\IMM32.DLL
0x00007ffc289c0000 - 0x00007ffc28a5b000 	C:\Program Files\Java\jdk-11.0.14\bin\msvcp140.dll
0x00007ffbf65e0000 - 0x00007ffbf70f6000 	C:\Program Files\Java\jdk-11.0.14\bin\server\jvm.dll
0x00007ffc60900000 - 0x00007ffc60908000 	C:\WINDOWS\System32\PSAPI.DLL
0x00007ffc43820000 - 0x00007ffc43829000 	C:\WINDOWS\SYSTEM32\WSOCK32.dll
0x00007ffc5ff20000 - 0x00007ffc5ff8f000 	C:\WINDOWS\System32\WS2_32.dll
0x00007ffc5b880000 - 0x00007ffc5b8b3000 	C:\WINDOWS\SYSTEM32\WINMM.dll
0x00007ffc5e760000 - 0x00007ffc5e778000 	C:\WINDOWS\SYSTEM32\kernel.appcore.dll
0x00007ffc5b180000 - 0x00007ffc5b190000 	C:\Program Files\Java\jdk-11.0.14\bin\verify.dll
0x00007ffc5cc30000 - 0x00007ffc5ce51000 	C:\WINDOWS\SYSTEM32\DBGHELP.DLL
0x00007ffc43c40000 - 0x00007ffc43c71000 	C:\WINDOWS\SYSTEM32\dbgcore.DLL
0x00007ffc5f8e0000 - 0x00007ffc5f95f000 	C:\WINDOWS\System32\bcryptPrimitives.dll
0x00007ffc4e5e0000 - 0x00007ffc4e608000 	C:\Program Files\Java\jdk-11.0.14\bin\java.dll
0x00007ffc5b050000 - 0x00007ffc5b05a000 	C:\Program Files\Java\jdk-11.0.14\bin\jimage.dll
0x00007ffc58d50000 - 0x00007ffc58d5e000 	C:\Program Files\Java\jdk-11.0.14\bin\instrument.dll
0x00007ffc4e4d0000 - 0x00007ffc4e4e6000 	C:\Program Files\Java\jdk-11.0.14\bin\zip.dll

dbghelp: loaded successfully - version: 4.0.5 - missing functions: none
symbol engine: initialized successfully - sym options: 0x614 - pdb path: .;C:\Program Files\Java\jdk-11.0.14\bin;C:\WINDOWS\SYSTEM32;C:\WINDOWS\WinSxS\amd64_microsoft.windows.common-controls_6595b64144ccf1df_6.0.22000.120_none_9d947278b86cc467;C:\Program Files\Java\jdk-11.0.14\bin\server

VM Arguments:
jvm_args: -javaagent:C:\Program Files\JetBrains\IntelliJ IDEA Community Edition 2021.3.3\lib\idea_rt.jar=57884:C:\Program Files\JetBrains\IntelliJ IDEA Community Edition 2021.3.3\bin -Dfile.encoding=UTF-8 
java_command: com.monotonic.collections._2_what_are_collections.before.CollectionConcepts
java_class_path (initial): D:\Java\PluralInsight\Collections\Collections Materials\out\production\classes
Launcher Type: SUN_STANDARD

[Global flags]
     intx CICompilerCount                          = 4                                         {product} {ergonomic}
     uint ConcGCThreads                            = 2                                         {product} {ergonomic}
     uint G1ConcRefinementThreads                  = 8                                         {product} {ergonomic}
   size_t G1HeapRegionSize                         = 1048576                                   {product} {ergonomic}
    uintx GCDrainStackTargetSize                   = 64                                        {product} {ergonomic}
   size_t InitialHeapSize                          = 132120576                                 {product} {ergonomic}
   size_t MarkStackSize                            = 4194304                                   {product} {ergonomic}
   size_t MaxHeapSize                              = 2107637760                                {product} {ergonomic}
   size_t MinHeapDeltaBytes                        = 1048576                                   {product} {ergonomic}
    uintx NonNMethodCodeHeapSize                   = 5836300                                {pd product} {ergonomic}
    uintx NonProfiledCodeHeapSize                  = 122910970                              {pd product} {ergonomic}
    uintx ProfiledCodeHeapSize                     = 122910970                              {pd product} {ergonomic}
    uintx ReservedCodeCacheSize                    = 251658240                              {pd product} {ergonomic}
     bool SegmentedCodeCache                       = true                                      {product} {ergonomic}
     bool UseCompressedClassPointers               = true                                 {lp64_product} {ergonomic}
     bool UseCompressedOops                        = true                                 {lp64_product} {ergonomic}
     bool UseG1GC                                  = true                                      {product} {ergonomic}
     bool UseLargePagesIndividualAllocation        = false                                  {pd product} {ergonomic}

Logging:
Log output configuration:
 #0: stdout all=warning uptime,level,tags
 #1: stderr all=off uptime,level,tags

Environment Variables:
JAVA_HOME=C:\Program Files\Java\jdk1.8.0_221
PATH=C:\Program Files\Common Files\Oracle\Java\javapath;C:\Program Files (x86)\Common Files\Oracle\Java\javapath;C:\WINDOWS\system32;C:\WINDOWS;C:\WINDOWS\System32\Wbem;C:\WINDOWS\System32\WindowsPowerShell\v1.0\;C:\WINDOWS\System32\OpenSSH\;C:\Program Files\Intel\WiFi\bin\;C:\Program Files\Common Files\Intel\WirelessCommon\;C:\Program Files\Java\jdk1.8.0_221\bin;C:\Program Files\PuTTY\;D:\AWS_Murex\apache-maven-3.6.3-bin\apache-maven-3.6.3\bin;C:\Program Files\Git\cmd;D:\Terraform\;C:\Users\natek\AppData\Local\Continuum\anaconda3;C:\Users\natek\AppData\Local\Continuum\anaconda3\Library\mingw-w64\bin;C:\Users\natek\AppData\Local\Continuum\anaconda3\Library\usr\bin;C:\Users\natek\AppData\Local\Continuum\anaconda3\Library\bin;C:\Users\natek\AppData\Local\Continuum\anaconda3\Scripts;C:\Users\natek\AppData\Local\Microsoft\WindowsApps;C:\Program Files\Java\jdk1.8.0_221\bin;C:\Program Files\nodejs\;;C:\Program Files\JetBrains\IntelliJ IDEA Community Edition 2019.3.3\bin;
USERNAME=natek
OS=Windows_NT
PROCESSOR_IDENTIFIER=Intel64 Family 6 Model 142 Stepping 11, GenuineIntel



---------------  S Y S T E M  ---------------

OS: Windows 11 , 64 bit Build 22000 (10.0.22000.434)

CPU:total 8 (initial active 8) (4 cores per cpu, 2 threads per core) family 6 model 142 stepping 11 microcode 0xde, cmov, cx8, fxsr, mmx, sse, sse2, sse3, ssse3, sse4.1, sse4.2, popcnt, avx, avx2, aes, clmul, erms, 3dnowpref, lzcnt, ht, tsc, tscinvbit, bmi1, bmi2, adx, fma

Memory: 4k page, system-wide physical 8037M (704M free)
TotalPageFile size 18277M (AvailPageFile size 66M)
current process WorkingSet (physical memory assigned to process): 10M, peak: 10M
current process commit charge ("private bytes"): 60M, peak: 186M

vm_info: Java HotSpot(TM) 64-Bit Server VM (11.0.14+8-LTS-263) for windows-amd64 JRE (11.0.14+8-LTS-263), built on Dec  7 2021 21:53:57 by "mach5one" with MS VC++ 15.9 (VS2017)

END.
